<?xml version="1.0" encoding="UTF-8"?>
<testng-results skipped="0" failed="0" total="1" passed="1">
  <reporter-output>
  </reporter-output>
  <suite name="Default suite" duration-ms="39007" started-at="2020-12-07T11:13:54Z" finished-at="2020-12-07T11:14:33Z">
    <groups>
      <group name="cucumber">
        <method signature="AbstractTestNGCucumberTests.feature(cucumber.api.testng.CucumberFeatureWrapper)[pri:0, instance:Runners.TestRunner@22f71333]" name="feature" class="cucumber.api.testng.AbstractTestNGCucumberTests"/>
      </group> <!-- cucumber -->
    </groups>
    <test name="Default test" duration-ms="39007" started-at="2020-12-07T11:13:54Z" finished-at="2020-12-07T11:14:33Z">
      <class name="Runners.TestRunner">
        <test-method status="PASS" signature="setUpClass()[pri:0, instance:Runners.TestRunner@22f71333]" name="setUpClass" is-config="true" duration-ms="339" started-at="2020-12-07T16:43:54Z" finished-at="2020-12-07T16:43:55Z">
          <reporter-output>
          </reporter-output>
        </test-method> <!-- setUpClass -->
        <test-method status="PASS" signature="feature(cucumber.api.testng.CucumberFeatureWrapper)[pri:0, instance:Runners.TestRunner@22f71333]" name="feature" duration-ms="38507" started-at="2020-12-07T16:43:55Z" description="Runs Cucumber Feature" data-provider="features" finished-at="2020-12-07T16:44:33Z">
          <params>
            <param index="0">
              <value>
                <![CDATA[Login]]>
              </value>
            </param>
          </params>
          <reporter-output>
          </reporter-output>
        </test-method> <!-- feature -->
        <test-method status="PASS" signature="tearDownClass()[pri:0, instance:Runners.TestRunner@22f71333]" name="tearDownClass" is-config="true" duration-ms="24" started-at="2020-12-07T16:44:33Z" finished-at="2020-12-07T16:44:33Z">
          <reporter-output>
          </reporter-output>
        </test-method> <!-- tearDownClass -->
      </class> <!-- Runners.TestRunner -->
    </test> <!-- Default test -->
  </suite> <!-- Default suite -->
</testng-results>
